# JRE version: OpenJDK Runtime Environment (17.0.6) (build 17.0.6+0-b2043.56-10027231)
# Java VM: OpenJDK 64-Bit Server VM (17.0.6+0-b2043.56-10027231, mixed mode, tiered, compressed oops, compressed class ptrs, g1 gc, windows-amd64)
GC Precious Log:
 CPUs: 8 total, 8 available
 Memory: 8029M
 Large Page Support: Disabled
 NUMA Support: Disabled
 Compressed Oops: Enabled (32-bit)
 Heap Region Size: 1M
 Heap Min Capacity: 8M
 Heap Initial Capacity: 126M
 Heap Max Capacity: 2G
 Pre-touch: Disabled
 Parallel Workers: 8
 Concurrent Workers: 2
 Concurrent Refinement Workers: 8
 Periodic GC: Disabled
Heap:
 garbage-first heap   total 272384K, used 156886K [0x0000000080000000, 0x0000000100000000)
  region size 1024K, 13 young (13312K), 5 survivors (5120K)
 Metaspace       used 110122K, committed 110976K, reserved 1146880K
  class space    used 14730K, committed 15104K, reserved 1048576K
GC Heap History (20 events):
Event: 10.534 GC heap before
{Heap before GC invocations=37 (full 0):
 garbage-first heap   total 163840K, used 98101K [0x0000000080000000, 0x0000000100000000)
  region size 1024K, 3 young (3072K), 1 survivors (1024K)
 Metaspace       used 79309K, committed 80000K, reserved 1122304K
  class space    used 10466K, committed 10816K, reserved 1048576K
}
Event: 10.536 GC heap after
{Heap after GC invocations=38 (full 0):
 garbage-first heap   total 163840K, used 98332K [0x0000000080000000, 0x0000000100000000)
  region size 1024K, 3 young (3072K), 3 survivors (3072K)
 Metaspace       used 79309K, committed 80000K, reserved 1122304K
  class space    used 10466K, committed 10816K, reserved 1048576K
}
Event: 10.838 GC heap before
{Heap before GC invocations=39 (full 0):
 garbage-first heap   total 189440K, used 128028K [0x0000000080000000, 0x0000000100000000)
  region size 1024K, 27 young (27648K), 3 survivors (3072K)
 Metaspace       used 81053K, committed 81728K, reserved 1122304K
  class space    used 10700K, committed 11008K, reserved 1048576K
}
Event: 10.842 GC heap after
{Heap after GC invocations=40 (full 0):
 garbage-first heap   total 189440K, used 98383K [0x0000000080000000, 0x0000000100000000)
  region size 1024K, 3 young (3072K), 3 survivors (3072K)
 Metaspace       used 81053K, committed 81728K, reserved 1122304K
  class space    used 10700K, committed 11008K, reserved 1048576K
}
Event: 10.913 GC heap before
{Heap before GC invocations=40 (full 0):
 garbage-first heap   total 189440K, used 104527K [0x0000000080000000, 0x0000000100000000)
  region size 1024K, 9 young (9216K), 3 survivors (3072K)
 Metaspace       used 81536K, committed 82240K, reserved 1122304K
  class space    used 10761K, committed 11072K, reserved 1048576K
}
Event: 10.917 GC heap after
{Heap after GC invocations=41 (full 0):
 garbage-first heap   total 272384K, used 98520K [0x0000000080000000, 0x0000000100000000)
  region size 1024K, 1 young (1024K), 1 survivors (1024K)
 Metaspace       used 81536K, committed 82240K, reserved 1122304K
  class space    used 10761K, committed 11072K, reserved 1048576K
}
Event: 11.727 GC heap before
{Heap before GC invocations=41 (full 0):
 garbage-first heap   total 272384K, used 181464K [0x0000000080000000, 0x0000000100000000)
  region size 1024K, 81 young (82944K), 1 survivors (1024K)
 Metaspace       used 86836K, committed 87488K, reserved 1130496K
  class space    used 11502K, committed 11840K, reserved 1048576K
}
Event: 11.733 GC heap after
{Heap after GC invocations=42 (full 0):
 garbage-first heap   total 272384K, used 103626K [0x0000000080000000, 0x0000000100000000)
  region size 1024K, 6 young (6144K), 6 survivors (6144K)
 Metaspace       used 86836K, committed 87488K, reserved 1130496K
  class space    used 11502K, committed 11840K, reserved 1048576K
}
Event: 19.188 GC heap before
{Heap before GC invocations=42 (full 0):
 garbage-first heap   total 272384K, used 225482K [0x0000000080000000, 0x0000000100000000)
  region size 1024K, 103 young (105472K), 6 survivors (6144K)
 Metaspace       used 97106K, committed 97856K, reserved 1138688K
  class space    used 12928K, committed 13312K, reserved 1048576K
}
Event: 19.205 GC heap after
{Heap after GC invocations=43 (full 0):
 garbage-first heap   total 272384K, used 138400K [0x0000000080000000, 0x0000000100000000)
  region size 1024K, 13 young (13312K), 13 survivors (13312K)
 Metaspace       used 97106K, committed 97856K, reserved 1138688K
  class space    used 12928K, committed 13312K, reserved 1048576K
}
Event: 22.590 GC heap before
{Heap before GC invocations=43 (full 0):
 garbage-first heap   total 272384K, used 208032K [0x0000000080000000, 0x0000000100000000)
  region size 1024K, 81 young (82944K), 13 survivors (13312K)
 Metaspace       used 104918K, committed 105664K, reserved 1146880K
  class space    used 13956K, committed 14336K, reserved 1048576K
}
Event: 22.605 GC heap after
{Heap after GC invocations=44 (full 0):
 garbage-first heap   total 272384K, used 143178K [0x0000000080000000, 0x0000000100000000)
  region size 1024K, 5 young (5120K), 5 survivors (5120K)
 Metaspace       used 104918K, committed 105664K, reserved 1146880K
  class space    used 13956K, committed 14336K, reserved 1048576K
}
Event: 24.959 GC heap before
{Heap before GC invocations=44 (full 0):
 garbage-first heap   total 272384K, used 215882K [0x0000000080000000, 0x0000000100000000)
  region size 1024K, 75 young (76800K), 5 survivors (5120K)
 Metaspace       used 109628K, committed 110400K, reserved 1146880K
  class space    used 14703K, committed 15104K, reserved 1048576K
}
Event: 24.965 GC heap after
{Heap after GC invocations=45 (full 0):
 garbage-first heap   total 272384K, used 147065K [0x0000000080000000, 0x0000000100000000)
  region size 1024K, 6 young (6144K), 6 survivors (6144K)
 Metaspace       used 109628K, committed 110400K, reserved 1146880K
  class space    used 14703K, committed 15104K, reserved 1048576K
}
Event: 25.510 GC heap before
{Heap before GC invocations=45 (full 0):
 garbage-first heap   total 272384K, used 220793K [0x0000000080000000, 0x0000000100000000)
  region size 1024K, 78 young (79872K), 6 survivors (6144K)
 Metaspace       used 109629K, committed 110400K, reserved 1146880K
  class space    used 14703K, committed 15104K, reserved 1048576K
}
Event: 25.517 GC heap after
{Heap after GC invocations=46 (full 0):
 garbage-first heap   total 272384K, used 148222K [0x0000000080000000, 0x0000000100000000)
  region size 1024K, 4 young (4096K), 4 survivors (4096K)
 Metaspace       used 109629K, committed 110400K, reserved 1146880K
  class space    used 14703K, committed 15104K, reserved 1048576K
}
Event: 26.603 GC heap before
{Heap before GC invocations=46 (full 0):
 garbage-first heap   total 272384K, used 226046K [0x0000000080000000, 0x0000000100000000)
  region size 1024K, 78 young (79872K), 4 survivors (4096K)
 Metaspace       used 110120K, committed 110912K, reserved 1146880K
  class space    used 14730K, committed 15104K, reserved 1048576K
}
Event: 26.607 GC heap after
{Heap after GC invocations=47 (full 0):
 garbage-first heap   total 272384K, used 149415K [0x0000000080000000, 0x0000000100000000)
  region size 1024K, 5 young (5120K), 5 survivors (5120K)
 Metaspace       used 110120K, committed 110912K, reserved 1146880K
  class space    used 14730K, committed 15104K, reserved 1048576K
}
Event: 27.681 GC heap before
{Heap before GC invocations=47 (full 0):
 garbage-first heap   total 272384K, used 225191K [0x0000000080000000, 0x0000000100000000)
  region size 1024K, 79 young (80896K), 5 survivors (5120K)
 Metaspace       used 110122K, committed 110976K, reserved 1146880K
  class space    used 14730K, committed 15104K, reserved 1048576K
}
Event: 27.684 GC heap after
{Heap after GC invocations=48 (full 0):
 garbage-first heap   total 272384K, used 149718K [0x0000000080000000, 0x0000000100000000)
  region size 1024K, 5 young (5120K), 5 survivors (5120K)
 Metaspace       used 110122K, committed 110976K, reserved 1146880K
  class space    used 14730K, committed 15104K, reserved 1048576K
}

