# JRE version: OpenJDK Runtime Environment (17.0.6) (build 17.0.6+0-b2043.56-10027231)
# Java VM: OpenJDK 64-Bit Server VM (17.0.6+0-b2043.56-10027231, mixed mode, tiered, compressed oops, compressed class ptrs, g1 gc, windows-amd64)
GC Precious Log:
 CPUs: 8 total, 8 available
 Memory: 8029M
 Large Page Support: Disabled
 NUMA Support: Disabled
 Compressed Oops: Enabled (32-bit)
 Heap Region Size: 1M
 Heap Min Capacity: 8M
 Heap Initial Capacity: 126M
 Heap Max Capacity: 2G
 Pre-touch: Disabled
 Parallel Workers: 8
 Concurrent Workers: 2
 Concurrent Refinement Workers: 8
 Periodic GC: Disabled
Heap:
 garbage-first heap   total 331776K, used 185606K [0x0000000080000000, 0x0000000100000000)
  region size 1024K, 2 young (2048K), 2 survivors (2048K)
 Metaspace       used 123161K, committed 124288K, reserved 1163264K
  class space    used 15883K, committed 16448K, reserved 1048576K
GC Heap History (20 events):
Event: 890.077 GC heap after
{Heap after GC invocations=45 (full 0):
 garbage-first heap   total 286720K, used 159984K [0x0000000080000000, 0x0000000100000000)
  region size 1024K, 2 young (2048K), 2 survivors (2048K)
 Metaspace       used 111001K, committed 111872K, reserved 1146880K
  class space    used 14559K, committed 14976K, reserved 1048576K
}
Event: 891.661 GC heap before
{Heap before GC invocations=45 (full 0):
 garbage-first heap   total 286720K, used 237808K [0x0000000080000000, 0x0000000100000000)
  region size 1024K, 79 young (80896K), 2 survivors (2048K)
 Metaspace       used 117880K, committed 118848K, reserved 1155072K
  class space    used 15412K, committed 15872K, reserved 1048576K
}
Event: 891.676 GC heap after
{Heap after GC invocations=46 (full 0):
 garbage-first heap   total 286720K, used 168140K [0x0000000080000000, 0x0000000100000000)
  region size 1024K, 10 young (10240K), 10 survivors (10240K)
 Metaspace       used 117880K, committed 118848K, reserved 1155072K
  class space    used 15412K, committed 15872K, reserved 1048576K
}
Event: 894.044 GC heap before
{Heap before GC invocations=46 (full 0):
 garbage-first heap   total 286720K, used 236748K [0x0000000080000000, 0x0000000100000000)
  region size 1024K, 78 young (79872K), 10 survivors (10240K)
 Metaspace       used 121122K, committed 122112K, reserved 1155072K
  class space    used 15759K, committed 16256K, reserved 1048576K
}
Event: 894.071 GC heap after
{Heap after GC invocations=47 (full 0):
 garbage-first heap   total 286720K, used 174022K [0x0000000080000000, 0x0000000100000000)
  region size 1024K, 6 young (6144K), 6 survivors (6144K)
 Metaspace       used 121122K, committed 122112K, reserved 1155072K
  class space    used 15759K, committed 16256K, reserved 1048576K
}
Event: 947.424 GC heap before
{Heap before GC invocations=48 (full 0):
 garbage-first heap   total 299008K, used 236486K [0x0000000080000000, 0x0000000100000000)
  region size 1024K, 68 young (69632K), 6 survivors (6144K)
 Metaspace       used 121489K, committed 122432K, reserved 1163264K
  class space    used 15769K, committed 16256K, reserved 1048576K
}
Event: 947.470 GC heap after
{Heap after GC invocations=49 (full 0):
 garbage-first heap   total 299008K, used 178917K [0x0000000080000000, 0x0000000100000000)
  region size 1024K, 7 young (7168K), 7 survivors (7168K)
 Metaspace       used 121489K, committed 122432K, reserved 1163264K
  class space    used 15769K, committed 16256K, reserved 1048576K
}
Event: 947.625 GC heap before
{Heap before GC invocations=49 (full 0):
 garbage-first heap   total 299008K, used 185061K [0x0000000080000000, 0x0000000100000000)
  region size 1024K, 14 young (14336K), 7 survivors (7168K)
 Metaspace       used 121576K, committed 122624K, reserved 1163264K
  class space    used 15780K, committed 16320K, reserved 1048576K
}
Event: 947.642 GC heap after
{Heap after GC invocations=50 (full 0):
 garbage-first heap   total 299008K, used 173668K [0x0000000080000000, 0x0000000100000000)
  region size 1024K, 2 young (2048K), 2 survivors (2048K)
 Metaspace       used 121576K, committed 122624K, reserved 1163264K
  class space    used 15780K, committed 16320K, reserved 1048576K
}
Event: 948.268 GC heap before
{Heap before GC invocations=50 (full 0):
 garbage-first heap   total 299008K, used 244324K [0x0000000080000000, 0x0000000100000000)
  region size 1024K, 72 young (73728K), 2 survivors (2048K)
 Metaspace       used 122036K, committed 123136K, reserved 1163264K
  class space    used 15816K, committed 16384K, reserved 1048576K
}
Event: 948.277 GC heap after
{Heap after GC invocations=51 (full 0):
 garbage-first heap   total 299008K, used 182073K [0x0000000080000000, 0x0000000100000000)
  region size 1024K, 9 young (9216K), 9 survivors (9216K)
 Metaspace       used 122036K, committed 123136K, reserved 1163264K
  class space    used 15816K, committed 16384K, reserved 1048576K
}
Event: 973.349 GC heap before
{Heap before GC invocations=52 (full 0):
 garbage-first heap   total 326656K, used 244537K [0x0000000080000000, 0x0000000100000000)
  region size 1024K, 71 young (72704K), 9 survivors (9216K)
 Metaspace       used 122509K, committed 123648K, reserved 1163264K
  class space    used 15845K, committed 16384K, reserved 1048576K
}
Event: 973.366 GC heap after
{Heap after GC invocations=53 (full 0):
 garbage-first heap   total 326656K, used 189172K [0x0000000080000000, 0x0000000100000000)
  region size 1024K, 7 young (7168K), 7 survivors (7168K)
 Metaspace       used 122509K, committed 123648K, reserved 1163264K
  class space    used 15845K, committed 16384K, reserved 1048576K
}
Event: 973.472 GC heap before
{Heap before GC invocations=53 (full 0):
 garbage-first heap   total 326656K, used 197364K [0x0000000080000000, 0x0000000100000000)
  region size 1024K, 15 young (15360K), 7 survivors (7168K)
 Metaspace       used 122547K, committed 123648K, reserved 1163264K
  class space    used 15846K, committed 16384K, reserved 1048576K
}
Event: 973.542 GC heap after
{Heap after GC invocations=54 (full 0):
 garbage-first heap   total 326656K, used 180205K [0x0000000080000000, 0x0000000100000000)
  region size 1024K, 2 young (2048K), 2 survivors (2048K)
 Metaspace       used 122547K, committed 123648K, reserved 1163264K
  class space    used 15846K, committed 16384K, reserved 1048576K
}
Event: 1041.343 GC heap before
{Heap before GC invocations=54 (full 0):
 garbage-first heap   total 326656K, used 264173K [0x0000000080000000, 0x0000000100000000)
  region size 1024K, 85 young (87040K), 2 survivors (2048K)
 Metaspace       used 122752K, committed 123904K, reserved 1163264K
  class space    used 15853K, committed 16384K, reserved 1048576K
}
Event: 1041.354 GC heap after
{Heap after GC invocations=55 (full 0):
 garbage-first heap   total 326656K, used 188539K [0x0000000080000000, 0x0000000100000000)
  region size 1024K, 11 young (11264K), 11 survivors (11264K)
 Metaspace       used 122752K, committed 123904K, reserved 1163264K
  class space    used 15853K, committed 16384K, reserved 1048576K
}
Event: 1042.007 GC heap before
{Heap before GC invocations=56 (full 0):
 garbage-first heap   total 331776K, used 265339K [0x0000000080000000, 0x0000000100000000)
  region size 1024K, 87 young (89088K), 11 survivors (11264K)
 Metaspace       used 123154K, committed 124288K, reserved 1163264K
  class space    used 15883K, committed 16448K, reserved 1048576K
}
Event: 1042.025 GC heap after
{Heap after GC invocations=57 (full 0):
 garbage-first heap   total 331776K, used 198282K [0x0000000080000000, 0x0000000100000000)
  region size 1024K, 11 young (11264K), 11 survivors (11264K)
 Metaspace       used 123154K, committed 124288K, reserved 1163264K
  class space    used 15883K, committed 16448K, reserved 1048576K
}
Event: 1042.055 GC heap before
{Heap before GC invocations=57 (full 0):
 garbage-first heap   total 331776K, used 203402K [0x0000000080000000, 0x0000000100000000)
  region size 1024K, 16 young (16384K), 11 survivors (11264K)
 Metaspace       used 123161K, committed 124288K, reserved 1163264K
  class space    used 15883K, committed 16448K, reserved 1048576K
}

